[      54ms] [WARNING] [Vue warn]: Failed to resolve component: ToastProvider
If this is a native custom element, make sure to exclude it from component resolution via compilerOptions.isCustomElement. 
  at <App> @ http://localhost:5176/node_modules/.vite/deps/chunk-UUYRPS3P.js?v=fd0dfa0c:2405
[      84ms] [WARNING] [Vue warn]: Failed to resolve component: CardTitle
If this is a native custom element, make sure to exclude it from component resolution via compilerOptions.isCustomElement. 
  at <Login onVnodeUnmounted=fn<onVnodeUnmounted> ref=Ref< undefined > > 
  at <RouterView> 
  at <App> @ http://localhost:5176/node_modules/.vite/deps/chunk-UUYRPS3P.js?v=fd0dfa0c:2405
[      84ms] [WARNING] [Vue warn]: Failed to resolve component: CardDescription
If this is a native custom element, make sure to exclude it from component resolution via compilerOptions.isCustomElement. 
  at <Login onVnodeUnmounted=fn<onVnodeUnmounted> ref=Ref< undefined > > 
  at <RouterView> 
  at <App> @ http://localhost:5176/node_modules/.vite/deps/chunk-UUYRPS3P.js?v=fd0dfa0c:2405
[      84ms] [WARNING] [Vue warn]: Failed to resolve component: CardHeader
If this is a native custom element, make sure to exclude it from component resolution via compilerOptions.isCustomElement. 
  at <Login onVnodeUnmounted=fn<onVnodeUnmounted> ref=Ref< undefined > > 
  at <RouterView> 
  at <App> @ http://localhost:5176/node_modules/.vite/deps/chunk-UUYRPS3P.js?v=fd0dfa0c:2405
[      84ms] [WARNING] [Vue warn]: Failed to resolve component: Alert
If this is a native custom element, make sure to exclude it from component resolution via compilerOptions.isCustomElement. 
  at <Login onVnodeUnmounted=fn<onVnodeUnmounted> ref=Ref< undefined > > 
  at <RouterView> 
  at <App> @ http://localhost:5176/node_modules/.vite/deps/chunk-UUYRPS3P.js?v=fd0dfa0c:2405
[      84ms] [WARNING] [Vue warn]: Failed to resolve component: Label
If this is a native custom element, make sure to exclude it from component resolution via compilerOptions.isCustomElement. 
  at <Login onVnodeUnmounted=fn<onVnodeUnmounted> ref=Ref< undefined > > 
  at <RouterView> 
  at <App> @ http://localhost:5176/node_modules/.vite/deps/chunk-UUYRPS3P.js?v=fd0dfa0c:2405
[      85ms] [WARNING] [Vue warn]: Failed to resolve component: Input
If this is a native custom element, make sure to exclude it from component resolution via compilerOptions.isCustomElement. 
  at <Login onVnodeUnmounted=fn<onVnodeUnmounted> ref=Ref< undefined > > 
  at <RouterView> 
  at <App> @ http://localhost:5176/node_modules/.vite/deps/chunk-UUYRPS3P.js?v=fd0dfa0c:2405
[      85ms] [WARNING] [Vue warn]: Failed to resolve component: FormItem
If this is a native custom element, make sure to exclude it from component resolution via compilerOptions.isCustomElement. 
  at <Login onVnodeUnmounted=fn<onVnodeUnmounted> ref=Ref< undefined > > 
  at <RouterView> 
  at <App> @ http://localhost:5176/node_modules/.vite/deps/chunk-UUYRPS3P.js?v=fd0dfa0c:2405
[      85ms] [WARNING] [Vue warn]: Failed to resolve component: PasswordInput
If this is a native custom element, make sure to exclude it from component resolution via compilerOptions.isCustomElement. 
  at <Login onVnodeUnmounted=fn<onVnodeUnmounted> ref=Ref< undefined > > 
  at <RouterView> 
  at <App> @ http://localhost:5176/node_modules/.vite/deps/chunk-UUYRPS3P.js?v=fd0dfa0c:2405
[      85ms] [WARNING] [Vue warn]: Failed to resolve component: LoadingButton
If this is a native custom element, make sure to exclude it from component resolution via compilerOptions.isCustomElement. 
  at <Login onVnodeUnmounted=fn<onVnodeUnmounted> ref=Ref< undefined > > 
  at <RouterView> 
  at <App> @ http://localhost:5176/node_modules/.vite/deps/chunk-UUYRPS3P.js?v=fd0dfa0c:2405
[      85ms] [WARNING] [Vue warn]: Failed to resolve component: CardContent
If this is a native custom element, make sure to exclude it from component resolution via compilerOptions.isCustomElement. 
  at <Login onVnodeUnmounted=fn<onVnodeUnmounted> ref=Ref< undefined > > 
  at <RouterView> 
  at <App> @ http://localhost:5176/node_modules/.vite/deps/chunk-UUYRPS3P.js?v=fd0dfa0c:2405
[      85ms] [WARNING] [Vue warn]: Failed to resolve component: CardFooter
If this is a native custom element, make sure to exclude it from component resolution via compilerOptions.isCustomElement. 
  at <Login onVnodeUnmounted=fn<onVnodeUnmounted> ref=Ref< undefined > > 
  at <RouterView> 
  at <App> @ http://localhost:5176/node_modules/.vite/deps/chunk-UUYRPS3P.js?v=fd0dfa0c:2405
[      85ms] [WARNING] [Vue warn]: Failed to resolve component: Card
If this is a native custom element, make sure to exclude it from component resolution via compilerOptions.isCustomElement. 
  at <Login onVnodeUnmounted=fn<onVnodeUnmounted> ref=Ref< undefined > > 
  at <RouterView> 
  at <App> @ http://localhost:5176/node_modules/.vite/deps/chunk-UUYRPS3P.js?v=fd0dfa0c:2405
[      85ms] [WARNING] [Vue warn]: Failed to resolve component: AuthLayout
If this is a native custom element, make sure to exclude it from component resolution via compilerOptions.isCustomElement. 
  at <Login onVnodeUnmounted=fn<onVnodeUnmounted> ref=Ref< undefined > > 
  at <RouterView> 
  at <App> @ http://localhost:5176/node_modules/.vite/deps/chunk-UUYRPS3P.js?v=fd0dfa0c:2405
[      95ms] [WARNING] [Vue warn]: Failed to resolve component: CardTitle
If this is a native custom element, make sure to exclude it from component resolution via compilerOptions.isCustomElement. 
  at <Login onVnodeUnmounted=fn<onVnodeUnmounted> ref=Ref< Proxy(Object) > > 
  at <RouterView> 
  at <App> @ http://localhost:5176/node_modules/.vite/deps/chunk-UUYRPS3P.js?v=fd0dfa0c:2405
[      95ms] [WARNING] [Vue warn]: Failed to resolve component: CardDescription
If this is a native custom element, make sure to exclude it from component resolution via compilerOptions.isCustomElement. 
  at <Login onVnodeUnmounted=fn<onVnodeUnmounted> ref=Ref< Proxy(Object) > > 
  at <RouterView> 
  at <App> @ http://localhost:5176/node_modules/.vite/deps/chunk-UUYRPS3P.js?v=fd0dfa0c:2405
[      96ms] [WARNING] [Vue warn]: Failed to resolve component: CardHeader
If this is a native custom element, make sure to exclude it from component resolution via compilerOptions.isCustomElement. 
  at <Login onVnodeUnmounted=fn<onVnodeUnmounted> ref=Ref< Proxy(Object) > > 
  at <RouterView> 
  at <App> @ http://localhost:5176/node_modules/.vite/deps/chunk-UUYRPS3P.js?v=fd0dfa0c:2405
[      96ms] [WARNING] [Vue warn]: Failed to resolve component: Alert
If this is a native custom element, make sure to exclude it from component resolution via compilerOptions.isCustomElement. 
  at <Login onVnodeUnmounted=fn<onVnodeUnmounted> ref=Ref< Proxy(Object) > > 
  at <RouterView> 
  at <App> @ http://localhost:5176/node_modules/.vite/deps/chunk-UUYRPS3P.js?v=fd0dfa0c:2405
[      96ms] [WARNING] [Vue warn]: Failed to resolve component: Label
If this is a native custom element, make sure to exclude it from component resolution via compilerOptions.isCustomElement. 
  at <Login onVnodeUnmounted=fn<onVnodeUnmounted> ref=Ref< Proxy(Object) > > 
  at <RouterView> 
  at <App> @ http://localhost:5176/node_modules/.vite/deps/chunk-UUYRPS3P.js?v=fd0dfa0c:2405
[      96ms] [WARNING] [Vue warn]: Failed to resolve component: Input
If this is a native custom element, make sure to exclude it from component resolution via compilerOptions.isCustomElement. 
  at <Login onVnodeUnmounted=fn<onVnodeUnmounted> ref=Ref< Proxy(Object) > > 
  at <RouterView> 
  at <App> @ http://localhost:5176/node_modules/.vite/deps/chunk-UUYRPS3P.js?v=fd0dfa0c:2405
[      96ms] [WARNING] [Vue warn]: Failed to resolve component: FormItem
If this is a native custom element, make sure to exclude it from component resolution via compilerOptions.isCustomElement. 
  at <Login onVnodeUnmounted=fn<onVnodeUnmounted> ref=Ref< Proxy(Object) > > 
  at <RouterView> 
  at <App> @ http://localhost:5176/node_modules/.vite/deps/chunk-UUYRPS3P.js?v=fd0dfa0c:2405
[      96ms] [WARNING] [Vue warn]: Failed to resolve component: PasswordInput
If this is a native custom element, make sure to exclude it from component resolution via compilerOptions.isCustomElement. 
  at <Login onVnodeUnmounted=fn<onVnodeUnmounted> ref=Ref< Proxy(Object) > > 
  at <RouterView> 
  at <App> @ http://localhost:5176/node_modules/.vite/deps/chunk-UUYRPS3P.js?v=fd0dfa0c:2405
[      96ms] [WARNING] [Vue warn]: Failed to resolve component: LoadingButton
If this is a native custom element, make sure to exclude it from component resolution via compilerOptions.isCustomElement. 
  at <Login onVnodeUnmounted=fn<onVnodeUnmounted> ref=Ref< Proxy(Object) > > 
  at <RouterView> 
  at <App> @ http://localhost:5176/node_modules/.vite/deps/chunk-UUYRPS3P.js?v=fd0dfa0c:2405
[      96ms] [WARNING] [Vue warn]: Failed to resolve component: CardContent
If this is a native custom element, make sure to exclude it from component resolution via compilerOptions.isCustomElement. 
  at <Login onVnodeUnmounted=fn<onVnodeUnmounted> ref=Ref< Proxy(Object) > > 
  at <RouterView> 
  at <App> @ http://localhost:5176/node_modules/.vite/deps/chunk-UUYRPS3P.js?v=fd0dfa0c:2405
[      96ms] [WARNING] [Vue warn]: Failed to resolve component: CardFooter
If this is a native custom element, make sure to exclude it from component resolution via compilerOptions.isCustomElement. 
  at <Login onVnodeUnmounted=fn<onVnodeUnmounted> ref=Ref< Proxy(Object) > > 
  at <RouterView> 
  at <App> @ http://localhost:5176/node_modules/.vite/deps/chunk-UUYRPS3P.js?v=fd0dfa0c:2405
[      96ms] [WARNING] [Vue warn]: Failed to resolve component: Card
If this is a native custom element, make sure to exclude it from component resolution via compilerOptions.isCustomElement. 
  at <Login onVnodeUnmounted=fn<onVnodeUnmounted> ref=Ref< Proxy(Object) > > 
  at <RouterView> 
  at <App> @ http://localhost:5176/node_modules/.vite/deps/chunk-UUYRPS3P.js?v=fd0dfa0c:2405
[      96ms] [WARNING] [Vue warn]: Failed to resolve component: AuthLayout
If this is a native custom element, make sure to exclude it from component resolution via compilerOptions.isCustomElement. 
  at <Login onVnodeUnmounted=fn<onVnodeUnmounted> ref=Ref< Proxy(Object) > > 
  at <RouterView> 
  at <App> @ http://localhost:5176/node_modules/.vite/deps/chunk-UUYRPS3P.js?v=fd0dfa0c:2405
[   25902ms] [WARNING] [Vue warn]: Failed to resolve component: ToastProvider
If this is a native custom element, make sure to exclude it from component resolution via compilerOptions.isCustomElement. 
  at <App> @ http://localhost:5176/node_modules/.vite/deps/chunk-UUYRPS3P.js?v=fd0dfa0c:2405
[   25915ms] [WARNING] [Vue warn]: Failed to resolve component: CardTitle
If this is a native custom element, make sure to exclude it from component resolution via compilerOptions.isCustomElement. 
  at <Login onVnodeUnmounted=fn<onVnodeUnmounted> ref=Ref< undefined > > 
  at <RouterView> 
  at <App> @ http://localhost:5176/node_modules/.vite/deps/chunk-UUYRPS3P.js?v=fd0dfa0c:2405
[   25915ms] [WARNING] [Vue warn]: Failed to resolve component: CardDescription
If this is a native custom element, make sure to exclude it from component resolution via compilerOptions.isCustomElement. 
  at <Login onVnodeUnmounted=fn<onVnodeUnmounted> ref=Ref< undefined > > 
  at <RouterView> 
  at <App> @ http://localhost:5176/node_modules/.vite/deps/chunk-UUYRPS3P.js?v=fd0dfa0c:2405
[   25915ms] [WARNING] [Vue warn]: Failed to resolve component: CardHeader
If this is a native custom element, make sure to exclude it from component resolution via compilerOptions.isCustomElement. 
  at <Login onVnodeUnmounted=fn<onVnodeUnmounted> ref=Ref< undefined > > 
  at <RouterView> 
  at <App> @ http://localhost:5176/node_modules/.vite/deps/chunk-UUYRPS3P.js?v=fd0dfa0c:2405
[   25915ms] [WARNING] [Vue warn]: Failed to resolve component: Alert
If this is a native custom element, make sure to exclude it from component resolution via compilerOptions.isCustomElement. 
  at <Login onVnodeUnmounted=fn<onVnodeUnmounted> ref=Ref< undefined > > 
  at <RouterView> 
  at <App> @ http://localhost:5176/node_modules/.vite/deps/chunk-UUYRPS3P.js?v=fd0dfa0c:2405
[   25915ms] [WARNING] [Vue warn]: Failed to resolve component: Label
If this is a native custom element, make sure to exclude it from component resolution via compilerOptions.isCustomElement. 
  at <Login onVnodeUnmounted=fn<onVnodeUnmounted> ref=Ref< undefined > > 
  at <RouterView> 
  at <App> @ http://localhost:5176/node_modules/.vite/deps/chunk-UUYRPS3P.js?v=fd0dfa0c:2405
[   25915ms] [WARNING] [Vue warn]: Failed to resolve component: Input
If this is a native custom element, make sure to exclude it from component resolution via compilerOptions.isCustomElement. 
  at <Login onVnodeUnmounted=fn<onVnodeUnmounted> ref=Ref< undefined > > 
  at <RouterView> 
  at <App> @ http://localhost:5176/node_modules/.vite/deps/chunk-UUYRPS3P.js?v=fd0dfa0c:2405
[   25915ms] [WARNING] [Vue warn]: Failed to resolve component: FormItem
If this is a native custom element, make sure to exclude it from component resolution via compilerOptions.isCustomElement. 
  at <Login onVnodeUnmounted=fn<onVnodeUnmounted> ref=Ref< undefined > > 
  at <RouterView> 
  at <App> @ http://localhost:5176/node_modules/.vite/deps/chunk-UUYRPS3P.js?v=fd0dfa0c:2405
[   25915ms] [WARNING] [Vue warn]: Failed to resolve component: PasswordInput
If this is a native custom element, make sure to exclude it from component resolution via compilerOptions.isCustomElement. 
  at <Login onVnodeUnmounted=fn<onVnodeUnmounted> ref=Ref< undefined > > 
  at <RouterView> 
  at <App> @ http://localhost:5176/node_modules/.vite/deps/chunk-UUYRPS3P.js?v=fd0dfa0c:2405
[   25915ms] [WARNING] [Vue warn]: Failed to resolve component: LoadingButton
If this is a native custom element, make sure to exclude it from component resolution via compilerOptions.isCustomElement. 
  at <Login onVnodeUnmounted=fn<onVnodeUnmounted> ref=Ref< undefined > > 
  at <RouterView> 
  at <App> @ http://localhost:5176/node_modules/.vite/deps/chunk-UUYRPS3P.js?v=fd0dfa0c:2405
[   25916ms] [WARNING] [Vue warn]: Failed to resolve component: CardContent
If this is a native custom element, make sure to exclude it from component resolution via compilerOptions.isCustomElement. 
  at <Login onVnodeUnmounted=fn<onVnodeUnmounted> ref=Ref< undefined > > 
  at <RouterView> 
  at <App> @ http://localhost:5176/node_modules/.vite/deps/chunk-UUYRPS3P.js?v=fd0dfa0c:2405
[   25916ms] [WARNING] [Vue warn]: Failed to resolve component: CardFooter
If this is a native custom element, make sure to exclude it from component resolution via compilerOptions.isCustomElement. 
  at <Login onVnodeUnmounted=fn<onVnodeUnmounted> ref=Ref< undefined > > 
  at <RouterView> 
  at <App> @ http://localhost:5176/node_modules/.vite/deps/chunk-UUYRPS3P.js?v=fd0dfa0c:2405
[   25916ms] [WARNING] [Vue warn]: Failed to resolve component: Card
If this is a native custom element, make sure to exclude it from component resolution via compilerOptions.isCustomElement. 
  at <Login onVnodeUnmounted=fn<onVnodeUnmounted> ref=Ref< undefined > > 
  at <RouterView> 
  at <App> @ http://localhost:5176/node_modules/.vite/deps/chunk-UUYRPS3P.js?v=fd0dfa0c:2405
[   25916ms] [WARNING] [Vue warn]: Failed to resolve component: AuthLayout
If this is a native custom element, make sure to exclude it from component resolution via compilerOptions.isCustomElement. 
  at <Login onVnodeUnmounted=fn<onVnodeUnmounted> ref=Ref< undefined > > 
  at <RouterView> 
  at <App> @ http://localhost:5176/node_modules/.vite/deps/chunk-UUYRPS3P.js?v=fd0dfa0c:2405
[   25925ms] [WARNING] [Vue warn]: Failed to resolve component: CardTitle
If this is a native custom element, make sure to exclude it from component resolution via compilerOptions.isCustomElement. 
  at <Login onVnodeUnmounted=fn<onVnodeUnmounted> ref=Ref< Proxy(Object) > > 
  at <RouterView> 
  at <App> @ http://localhost:5176/node_modules/.vite/deps/chunk-UUYRPS3P.js?v=fd0dfa0c:2405
[   25925ms] [WARNING] [Vue warn]: Failed to resolve component: CardDescription
If this is a native custom element, make sure to exclude it from component resolution via compilerOptions.isCustomElement. 
  at <Login onVnodeUnmounted=fn<onVnodeUnmounted> ref=Ref< Proxy(Object) > > 
  at <RouterView> 
  at <App> @ http://localhost:5176/node_modules/.vite/deps/chunk-UUYRPS3P.js?v=fd0dfa0c:2405
[   25925ms] [WARNING] [Vue warn]: Failed to resolve component: CardHeader
If this is a native custom element, make sure to exclude it from component resolution via compilerOptions.isCustomElement. 
  at <Login onVnodeUnmounted=fn<onVnodeUnmounted> ref=Ref< Proxy(Object) > > 
  at <RouterView> 
  at <App> @ http://localhost:5176/node_modules/.vite/deps/chunk-UUYRPS3P.js?v=fd0dfa0c:2405
[   25925ms] [WARNING] [Vue warn]: Failed to resolve component: Alert
If this is a native custom element, make sure to exclude it from component resolution via compilerOptions.isCustomElement. 
  at <Login onVnodeUnmounted=fn<onVnodeUnmounted> ref=Ref< Proxy(Object) > > 
  at <RouterView> 
  at <App> @ http://localhost:5176/node_modules/.vite/deps/chunk-UUYRPS3P.js?v=fd0dfa0c:2405
[   25926ms] [WARNING] [Vue warn]: Failed to resolve component: Label
If this is a native custom element, make sure to exclude it from component resolution via compilerOptions.isCustomElement. 
  at <Login onVnodeUnmounted=fn<onVnodeUnmounted> ref=Ref< Proxy(Object) > > 
  at <RouterView> 
  at <App> @ http://localhost:5176/node_modules/.vite/deps/chunk-UUYRPS3P.js?v=fd0dfa0c:2405
[   25926ms] [WARNING] [Vue warn]: Failed to resolve component: Input
If this is a native custom element, make sure to exclude it from component resolution via compilerOptions.isCustomElement. 
  at <Login onVnodeUnmounted=fn<onVnodeUnmounted> ref=Ref< Proxy(Object) > > 
  at <RouterView> 
  at <App> @ http://localhost:5176/node_modules/.vite/deps/chunk-UUYRPS3P.js?v=fd0dfa0c:2405
[   25926ms] [WARNING] [Vue warn]: Failed to resolve component: FormItem
If this is a native custom element, make sure to exclude it from component resolution via compilerOptions.isCustomElement. 
  at <Login onVnodeUnmounted=fn<onVnodeUnmounted> ref=Ref< Proxy(Object) > > 
  at <RouterView> 
  at <App> @ http://localhost:5176/node_modules/.vite/deps/chunk-UUYRPS3P.js?v=fd0dfa0c:2405
[   25926ms] [WARNING] [Vue warn]: Failed to resolve component: PasswordInput
If this is a native custom element, make sure to exclude it from component resolution via compilerOptions.isCustomElement. 
  at <Login onVnodeUnmounted=fn<onVnodeUnmounted> ref=Ref< Proxy(Object) > > 
  at <RouterView> 
  at <App> @ http://localhost:5176/node_modules/.vite/deps/chunk-UUYRPS3P.js?v=fd0dfa0c:2405
[   25926ms] [WARNING] [Vue warn]: Failed to resolve component: LoadingButton
If this is a native custom element, make sure to exclude it from component resolution via compilerOptions.isCustomElement. 
  at <Login onVnodeUnmounted=fn<onVnodeUnmounted> ref=Ref< Proxy(Object) > > 
  at <RouterView> 
  at <App> @ http://localhost:5176/node_modules/.vite/deps/chunk-UUYRPS3P.js?v=fd0dfa0c:2405
[   25926ms] [WARNING] [Vue warn]: Failed to resolve component: CardContent
If this is a native custom element, make sure to exclude it from component resolution via compilerOptions.isCustomElement. 
  at <Login onVnodeUnmounted=fn<onVnodeUnmounted> ref=Ref< Proxy(Object) > > 
  at <RouterView> 
  at <App> @ http://localhost:5176/node_modules/.vite/deps/chunk-UUYRPS3P.js?v=fd0dfa0c:2405
[   25926ms] [WARNING] [Vue warn]: Failed to resolve component: CardFooter
If this is a native custom element, make sure to exclude it from component resolution via compilerOptions.isCustomElement. 
  at <Login onVnodeUnmounted=fn<onVnodeUnmounted> ref=Ref< Proxy(Object) > > 
  at <RouterView> 
  at <App> @ http://localhost:5176/node_modules/.vite/deps/chunk-UUYRPS3P.js?v=fd0dfa0c:2405
[   25926ms] [WARNING] [Vue warn]: Failed to resolve component: Card
If this is a native custom element, make sure to exclude it from component resolution via compilerOptions.isCustomElement. 
  at <Login onVnodeUnmounted=fn<onVnodeUnmounted> ref=Ref< Proxy(Object) > > 
  at <RouterView> 
  at <App> @ http://localhost:5176/node_modules/.vite/deps/chunk-UUYRPS3P.js?v=fd0dfa0c:2405
[   25926ms] [WARNING] [Vue warn]: Failed to resolve component: AuthLayout
If this is a native custom element, make sure to exclude it from component resolution via compilerOptions.isCustomElement. 
  at <Login onVnodeUnmounted=fn<onVnodeUnmounted> ref=Ref< Proxy(Object) > > 
  at <RouterView> 
  at <App> @ http://localhost:5176/node_modules/.vite/deps/chunk-UUYRPS3P.js?v=fd0dfa0c:2405
[   37442ms] [LOG] [vite] server connection lost. Polling for restart... @ http://localhost:5176/@vite/client:864
[  122443ms] [WARNING] [Vue Router warn]: No match found for location with path "/login" @ http://localhost:5176/node_modules/.vite/deps/vue-router.js?v=c8e6e111:50
