[      47ms] [WARNING] [Vue warn]: Failed to resolve component: ToastProvider
If this is a native custom element, make sure to exclude it from component resolution via compilerOptions.isCustomElement. 
  at <App> @ http://localhost:5176/node_modules/.vite/deps/chunk-OK5QOA52.js?v=2611b156:2405
[      73ms] [WARNING] [Vue warn]: Failed to resolve component: CardTitle
If this is a native custom element, make sure to exclude it from component resolution via compilerOptions.isCustomElement. 
  at <Login onVnodeUnmounted=fn<onVnodeUnmounted> ref=Ref< undefined > > 
  at <RouterView> 
  at <App> @ http://localhost:5176/node_modules/.vite/deps/chunk-OK5QOA52.js?v=2611b156:2405
[      73ms] [WARNING] [Vue warn]: Failed to resolve component: CardDescription
If this is a native custom element, make sure to exclude it from component resolution via compilerOptions.isCustomElement. 
  at <Login onVnodeUnmounted=fn<onVnodeUnmounted> ref=Ref< undefined > > 
  at <RouterView> 
  at <App> @ http://localhost:5176/node_modules/.vite/deps/chunk-OK5QOA52.js?v=2611b156:2405
[      73ms] [WARNING] [Vue warn]: Failed to resolve component: CardHeader
If this is a native custom element, make sure to exclude it from component resolution via compilerOptions.isCustomElement. 
  at <Login onVnodeUnmounted=fn<onVnodeUnmounted> ref=Ref< undefined > > 
  at <RouterView> 
  at <App> @ http://localhost:5176/node_modules/.vite/deps/chunk-OK5QOA52.js?v=2611b156:2405
[      73ms] [WARNING] [Vue warn]: Failed to resolve component: Alert
If this is a native custom element, make sure to exclude it from component resolution via compilerOptions.isCustomElement. 
  at <Login onVnodeUnmounted=fn<onVnodeUnmounted> ref=Ref< undefined > > 
  at <RouterView> 
  at <App> @ http://localhost:5176/node_modules/.vite/deps/chunk-OK5QOA52.js?v=2611b156:2405
[      73ms] [WARNING] [Vue warn]: Failed to resolve component: Label
If this is a native custom element, make sure to exclude it from component resolution via compilerOptions.isCustomElement. 
  at <Login onVnodeUnmounted=fn<onVnodeUnmounted> ref=Ref< undefined > > 
  at <RouterView> 
  at <App> @ http://localhost:5176/node_modules/.vite/deps/chunk-OK5QOA52.js?v=2611b156:2405
[      73ms] [WARNING] [Vue warn]: Failed to resolve component: Input
If this is a native custom element, make sure to exclude it from component resolution via compilerOptions.isCustomElement. 
  at <Login onVnodeUnmounted=fn<onVnodeUnmounted> ref=Ref< undefined > > 
  at <RouterView> 
  at <App> @ http://localhost:5176/node_modules/.vite/deps/chunk-OK5QOA52.js?v=2611b156:2405
[      73ms] [WARNING] [Vue warn]: Failed to resolve component: FormItem
If this is a native custom element, make sure to exclude it from component resolution via compilerOptions.isCustomElement. 
  at <Login onVnodeUnmounted=fn<onVnodeUnmounted> ref=Ref< undefined > > 
  at <RouterView> 
  at <App> @ http://localhost:5176/node_modules/.vite/deps/chunk-OK5QOA52.js?v=2611b156:2405
[      73ms] [WARNING] [Vue warn]: Failed to resolve component: PasswordInput
If this is a native custom element, make sure to exclude it from component resolution via compilerOptions.isCustomElement. 
  at <Login onVnodeUnmounted=fn<onVnodeUnmounted> ref=Ref< undefined > > 
  at <RouterView> 
  at <App> @ http://localhost:5176/node_modules/.vite/deps/chunk-OK5QOA52.js?v=2611b156:2405
[      73ms] [WARNING] [Vue warn]: Failed to resolve component: LoadingButton
If this is a native custom element, make sure to exclude it from component resolution via compilerOptions.isCustomElement. 
  at <Login onVnodeUnmounted=fn<onVnodeUnmounted> ref=Ref< undefined > > 
  at <RouterView> 
  at <App> @ http://localhost:5176/node_modules/.vite/deps/chunk-OK5QOA52.js?v=2611b156:2405
[      73ms] [WARNING] [Vue warn]: Failed to resolve component: CardContent
If this is a native custom element, make sure to exclude it from component resolution via compilerOptions.isCustomElement. 
  at <Login onVnodeUnmounted=fn<onVnodeUnmounted> ref=Ref< undefined > > 
  at <RouterView> 
  at <App> @ http://localhost:5176/node_modules/.vite/deps/chunk-OK5QOA52.js?v=2611b156:2405
[      73ms] [WARNING] [Vue warn]: Failed to resolve component: CardFooter
If this is a native custom element, make sure to exclude it from component resolution via compilerOptions.isCustomElement. 
  at <Login onVnodeUnmounted=fn<onVnodeUnmounted> ref=Ref< undefined > > 
  at <RouterView> 
  at <App> @ http://localhost:5176/node_modules/.vite/deps/chunk-OK5QOA52.js?v=2611b156:2405
[      73ms] [WARNING] [Vue warn]: Failed to resolve component: Card
If this is a native custom element, make sure to exclude it from component resolution via compilerOptions.isCustomElement. 
  at <Login onVnodeUnmounted=fn<onVnodeUnmounted> ref=Ref< undefined > > 
  at <RouterView> 
  at <App> @ http://localhost:5176/node_modules/.vite/deps/chunk-OK5QOA52.js?v=2611b156:2405
[      74ms] [WARNING] [Vue warn]: Failed to resolve component: AuthLayout
If this is a native custom element, make sure to exclude it from component resolution via compilerOptions.isCustomElement. 
  at <Login onVnodeUnmounted=fn<onVnodeUnmounted> ref=Ref< undefined > > 
  at <RouterView> 
  at <App> @ http://localhost:5176/node_modules/.vite/deps/chunk-OK5QOA52.js?v=2611b156:2405
[      83ms] [WARNING] [Vue warn]: Failed to resolve component: CardTitle
If this is a native custom element, make sure to exclude it from component resolution via compilerOptions.isCustomElement. 
  at <Login onVnodeUnmounted=fn<onVnodeUnmounted> ref=Ref< Proxy(Object) > > 
  at <RouterView> 
  at <App> @ http://localhost:5176/node_modules/.vite/deps/chunk-OK5QOA52.js?v=2611b156:2405
[      83ms] [WARNING] [Vue warn]: Failed to resolve component: CardDescription
If this is a native custom element, make sure to exclude it from component resolution via compilerOptions.isCustomElement. 
  at <Login onVnodeUnmounted=fn<onVnodeUnmounted> ref=Ref< Proxy(Object) > > 
  at <RouterView> 
  at <App> @ http://localhost:5176/node_modules/.vite/deps/chunk-OK5QOA52.js?v=2611b156:2405
[      83ms] [WARNING] [Vue warn]: Failed to resolve component: CardHeader
If this is a native custom element, make sure to exclude it from component resolution via compilerOptions.isCustomElement. 
  at <Login onVnodeUnmounted=fn<onVnodeUnmounted> ref=Ref< Proxy(Object) > > 
  at <RouterView> 
  at <App> @ http://localhost:5176/node_modules/.vite/deps/chunk-OK5QOA52.js?v=2611b156:2405
[      83ms] [WARNING] [Vue warn]: Failed to resolve component: Alert
If this is a native custom element, make sure to exclude it from component resolution via compilerOptions.isCustomElement. 
  at <Login onVnodeUnmounted=fn<onVnodeUnmounted> ref=Ref< Proxy(Object) > > 
  at <RouterView> 
  at <App> @ http://localhost:5176/node_modules/.vite/deps/chunk-OK5QOA52.js?v=2611b156:2405
[      83ms] [WARNING] [Vue warn]: Failed to resolve component: Label
If this is a native custom element, make sure to exclude it from component resolution via compilerOptions.isCustomElement. 
  at <Login onVnodeUnmounted=fn<onVnodeUnmounted> ref=Ref< Proxy(Object) > > 
  at <RouterView> 
  at <App> @ http://localhost:5176/node_modules/.vite/deps/chunk-OK5QOA52.js?v=2611b156:2405
[      83ms] [WARNING] [Vue warn]: Failed to resolve component: Input
If this is a native custom element, make sure to exclude it from component resolution via compilerOptions.isCustomElement. 
  at <Login onVnodeUnmounted=fn<onVnodeUnmounted> ref=Ref< Proxy(Object) > > 
  at <RouterView> 
  at <App> @ http://localhost:5176/node_modules/.vite/deps/chunk-OK5QOA52.js?v=2611b156:2405
[      83ms] [WARNING] [Vue warn]: Failed to resolve component: FormItem
If this is a native custom element, make sure to exclude it from component resolution via compilerOptions.isCustomElement. 
  at <Login onVnodeUnmounted=fn<onVnodeUnmounted> ref=Ref< Proxy(Object) > > 
  at <RouterView> 
  at <App> @ http://localhost:5176/node_modules/.vite/deps/chunk-OK5QOA52.js?v=2611b156:2405
[      83ms] [WARNING] [Vue warn]: Failed to resolve component: PasswordInput
If this is a native custom element, make sure to exclude it from component resolution via compilerOptions.isCustomElement. 
  at <Login onVnodeUnmounted=fn<onVnodeUnmounted> ref=Ref< Proxy(Object) > > 
  at <RouterView> 
  at <App> @ http://localhost:5176/node_modules/.vite/deps/chunk-OK5QOA52.js?v=2611b156:2405
[      83ms] [WARNING] [Vue warn]: Failed to resolve component: LoadingButton
If this is a native custom element, make sure to exclude it from component resolution via compilerOptions.isCustomElement. 
  at <Login onVnodeUnmounted=fn<onVnodeUnmounted> ref=Ref< Proxy(Object) > > 
  at <RouterView> 
  at <App> @ http://localhost:5176/node_modules/.vite/deps/chunk-OK5QOA52.js?v=2611b156:2405
[      83ms] [WARNING] [Vue warn]: Failed to resolve component: CardContent
If this is a native custom element, make sure to exclude it from component resolution via compilerOptions.isCustomElement. 
  at <Login onVnodeUnmounted=fn<onVnodeUnmounted> ref=Ref< Proxy(Object) > > 
  at <RouterView> 
  at <App> @ http://localhost:5176/node_modules/.vite/deps/chunk-OK5QOA52.js?v=2611b156:2405
[      83ms] [WARNING] [Vue warn]: Failed to resolve component: CardFooter
If this is a native custom element, make sure to exclude it from component resolution via compilerOptions.isCustomElement. 
  at <Login onVnodeUnmounted=fn<onVnodeUnmounted> ref=Ref< Proxy(Object) > > 
  at <RouterView> 
  at <App> @ http://localhost:5176/node_modules/.vite/deps/chunk-OK5QOA52.js?v=2611b156:2405
[      83ms] [WARNING] [Vue warn]: Failed to resolve component: Card
If this is a native custom element, make sure to exclude it from component resolution via compilerOptions.isCustomElement. 
  at <Login onVnodeUnmounted=fn<onVnodeUnmounted> ref=Ref< Proxy(Object) > > 
  at <RouterView> 
  at <App> @ http://localhost:5176/node_modules/.vite/deps/chunk-OK5QOA52.js?v=2611b156:2405
[      84ms] [WARNING] [Vue warn]: Failed to resolve component: AuthLayout
If this is a native custom element, make sure to exclude it from component resolution via compilerOptions.isCustomElement. 
  at <Login onVnodeUnmounted=fn<onVnodeUnmounted> ref=Ref< Proxy(Object) > > 
  at <RouterView> 
  at <App> @ http://localhost:5176/node_modules/.vite/deps/chunk-OK5QOA52.js?v=2611b156:2405
[   30503ms] [WARNING] [Vue warn]: Property "cn" was accessed during render but is not defined on instance. 
  at <AuthLayout> 
  at <Login onVnodeUnmounted=fn<onVnodeUnmounted> ref=Ref< null > > 
  at <RouterView> 
  at <App> @ http://localhost:5176/node_modules/.vite/deps/chunk-OK5QOA52.js?v=2611b156:2405
[   30503ms] [WARNING] [Vue warn]: Unhandled error during execution of render function 
  at <AuthLayout> 
  at <Login onVnodeUnmounted=fn<onVnodeUnmounted> ref=Ref< null > > 
  at <RouterView> 
  at <App> @ http://localhost:5176/node_modules/.vite/deps/chunk-OK5QOA52.js?v=2611b156:2405
[   30503ms] [WARNING] [Vue warn]: Unhandled error during execution of scheduler flush 
  at <AuthLayout> 
  at <Login onVnodeUnmounted=fn<onVnodeUnmounted> ref=Ref< null > > 
  at <RouterView> 
  at <App> @ http://localhost:5176/node_modules/.vite/deps/chunk-OK5QOA52.js?v=2611b156:2405
[   30505ms] TypeError: _ctx.cn is not a function
    at Proxy._sfc_render (http://localhost:5176/src/layouts/AuthLayout.vue:24:35)
    at renderComponentRoot (http://localhost:5176/node_modules/.vite/deps/chunk-OK5QOA52.js?v=2611b156:6944:17)
    at ReactiveEffect.componentUpdateFn [as fn] (http://localhost:5176/node_modules/.vite/deps/chunk-OK5QOA52.js?v=2611b156:8517:46)
    at ReactiveEffect.run (http://localhost:5176/node_modules/.vite/deps/chunk-OK5QOA52.js?v=2611b156:708:19)
    at setupRenderEffect (http://localhost:5176/node_modules/.vite/deps/chunk-OK5QOA52.js?v=2611b156:8652:5)
    at mountComponent (http://localhost:5176/node_modules/.vite/deps/chunk-OK5QOA52.js?v=2611b156:8424:7)
    at processComponent (http://localhost:5176/node_modules/.vite/deps/chunk-OK5QOA52.js?v=2611b156:8376:9)
    at patch (http://localhost:5176/node_modules/.vite/deps/chunk-OK5QOA52.js?v=2611b156:7873:11)
    at ReactiveEffect.componentUpdateFn [as fn] (http://localhost:5176/node_modules/.vite/deps/chunk-OK5QOA52.js?v=2611b156:8524:11)
    at ReactiveEffect.run (http://localhost:5176/node_modules/.vite/deps/chunk-OK5QOA52.js?v=2611b156:708:19)
[   30663ms] [WARNING] [Vue warn]: Failed to resolve component: ToastProvider
If this is a native custom element, make sure to exclude it from component resolution via compilerOptions.isCustomElement. 
  at <App> @ http://localhost:5176/node_modules/.vite/deps/chunk-OK5QOA52.js?v=902bd1ad:2405
[   30731ms] [WARNING] [Vue warn]: Property "cn" was accessed during render but is not defined on instance. 
  at <AuthLayout> 
  at <Login onVnodeUnmounted=fn<onVnodeUnmounted> ref=Ref< undefined > > 
  at <RouterView> 
  at <App> @ http://localhost:5176/node_modules/.vite/deps/chunk-OK5QOA52.js?v=902bd1ad:2405
[   30732ms] [WARNING] [Vue warn]: Unhandled error during execution of render function 
  at <AuthLayout> 
  at <Login onVnodeUnmounted=fn<onVnodeUnmounted> ref=Ref< undefined > > 
  at <RouterView> 
  at <App> @ http://localhost:5176/node_modules/.vite/deps/chunk-OK5QOA52.js?v=902bd1ad:2405
[   30732ms] [WARNING] [Vue warn]: Unhandled error during execution of component update 
  at <RouterView> 
  at <App> @ http://localhost:5176/node_modules/.vite/deps/chunk-OK5QOA52.js?v=902bd1ad:2405
[   30733ms] TypeError: _ctx.cn is not a function
    at Proxy._sfc_render (http://localhost:5176/src/layouts/AuthLayout.vue:24:35)
    at renderComponentRoot (http://localhost:5176/node_modules/.vite/deps/chunk-OK5QOA52.js?v=902bd1ad:6944:17)
    at ReactiveEffect.componentUpdateFn [as fn] (http://localhost:5176/node_modules/.vite/deps/chunk-OK5QOA52.js?v=902bd1ad:8517:46)
    at ReactiveEffect.run (http://localhost:5176/node_modules/.vite/deps/chunk-OK5QOA52.js?v=902bd1ad:708:19)
    at setupRenderEffect (http://localhost:5176/node_modules/.vite/deps/chunk-OK5QOA52.js?v=902bd1ad:8652:5)
    at mountComponent (http://localhost:5176/node_modules/.vite/deps/chunk-OK5QOA52.js?v=902bd1ad:8424:7)
    at processComponent (http://localhost:5176/node_modules/.vite/deps/chunk-OK5QOA52.js?v=902bd1ad:8376:9)
    at patch (http://localhost:5176/node_modules/.vite/deps/chunk-OK5QOA52.js?v=902bd1ad:7873:11)
    at ReactiveEffect.componentUpdateFn [as fn] (http://localhost:5176/node_modules/.vite/deps/chunk-OK5QOA52.js?v=902bd1ad:8524:11)
    at ReactiveEffect.run (http://localhost:5176/node_modules/.vite/deps/chunk-OK5QOA52.js?v=902bd1ad:708:19)
