[      21ms] [WARNING] [Vue warn]: Failed to resolve component: ToastProvider
If this is a native custom element, make sure to exclude it from component resolution via compilerOptions.isCustomElement. 
  at <App> @ http://localhost:5176/node_modules/.vite/deps/chunk-OK5QOA52.js?v=902bd1ad:2405
[      39ms] [WARNING] [Vue warn]: Property "cn" was accessed during render but is not defined on instance. 
  at <AuthLayout> 
  at <Login onVnodeUnmounted=fn<onVnodeUnmounted> ref=Ref< undefined > > 
  at <RouterView> 
  at <App> @ http://localhost:5176/node_modules/.vite/deps/chunk-OK5QOA52.js?v=902bd1ad:2405
[      39ms] [WARNING] [Vue warn]: Unhandled error during execution of render function 
  at <AuthLayout> 
  at <Login onVnodeUnmounted=fn<onVnodeUnmounted> ref=Ref< undefined > > 
  at <RouterView> 
  at <App> @ http://localhost:5176/node_modules/.vite/deps/chunk-OK5QOA52.js?v=902bd1ad:2405
[      39ms] [WARNING] [Vue warn]: Unhandled error during execution of component update 
  at <RouterView> 
  at <App> @ http://localhost:5176/node_modules/.vite/deps/chunk-OK5QOA52.js?v=902bd1ad:2405
[      47ms] TypeError: _ctx.cn is not a function
    at Proxy._sfc_render (http://localhost:5176/src/layouts/AuthLayout.vue:24:35)
    at renderComponentRoot (http://localhost:5176/node_modules/.vite/deps/chunk-OK5QOA52.js?v=902bd1ad:6944:17)
    at ReactiveEffect.componentUpdateFn [as fn] (http://localhost:5176/node_modules/.vite/deps/chunk-OK5QOA52.js?v=902bd1ad:8517:46)
    at ReactiveEffect.run (http://localhost:5176/node_modules/.vite/deps/chunk-OK5QOA52.js?v=902bd1ad:708:19)
    at setupRenderEffect (http://localhost:5176/node_modules/.vite/deps/chunk-OK5QOA52.js?v=902bd1ad:8652:5)
    at mountComponent (http://localhost:5176/node_modules/.vite/deps/chunk-OK5QOA52.js?v=902bd1ad:8424:7)
    at processComponent (http://localhost:5176/node_modules/.vite/deps/chunk-OK5QOA52.js?v=902bd1ad:8376:9)
    at patch (http://localhost:5176/node_modules/.vite/deps/chunk-OK5QOA52.js?v=902bd1ad:7873:11)
    at ReactiveEffect.componentUpdateFn [as fn] (http://localhost:5176/node_modules/.vite/deps/chunk-OK5QOA52.js?v=902bd1ad:8524:11)
    at ReactiveEffect.run (http://localhost:5176/node_modules/.vite/deps/chunk-OK5QOA52.js?v=902bd1ad:708:19)
[    9451ms] [ERROR] TypeError: Cannot destructure property 'type' of 'vnode' as it is null.
    at unmount (http://localhost:5176/node_modules/.vite/deps/chunk-OK5QOA52.js?v=902bd1ad:9026:7)
    at unmountComponent (http://localhost:5176/node_modules/.vite/deps/chunk-OK5QOA52.js?v=902bd1ad:9168:7)
    at unmount (http://localhost:5176/node_modules/.vite/deps/chunk-OK5QOA52.js?v=902bd1ad:9059:7)
    at unmountComponent (http://localhost:5176/node_modules/.vite/deps/chunk-OK5QOA52.js?v=902bd1ad:9168:7)
    at unmount (http://localhost:5176/node_modules/.vite/deps/chunk-OK5QOA52.js?v=902bd1ad:9059:7)
    at unmountComponent (http://localhost:5176/node_modules/.vite/deps/chunk-OK5QOA52.js?v=902bd1ad:9168:7)
    at unmount (http://localhost:5176/node_modules/.vite/deps/chunk-OK5QOA52.js?v=902bd1ad:9059:7)
    at unmountChildren (http://localhost:5176/node_modules/.vite/deps/chunk-OK5QOA52.js?v=902bd1ad:9182:7)
    at unmount (http://localhost:5176/node_modules/.vite/deps/chunk-OK5QOA52.js?v=902bd1ad:9083:9)
    at unmountComponent (http://localhost:5176/node_modules/.vite/deps/chunk-OK5QOA52.js?v=902bd1ad:9168:7) @ http://localhost:5176/node_modules/.vite/deps/chunk-OK5QOA52.js?v=902bd1ad:2925
[    9451ms] [WARNING] [HMR] Something went wrong during Vue component hot-reload. Full reload required. @ http://localhost:5176/node_modules/.vite/deps/chunk-OK5QOA52.js?v=902bd1ad:2926
[  115360ms] [WARNING] [Vue warn]: Property "cn" was accessed during render but is not defined on instance. 
  at <AuthLayout> 
  at <Login onVnodeUnmounted=fn<onVnodeUnmounted> ref=Ref< undefined > > 
  at <RouterView> 
  at <App> @ http://localhost:5176/node_modules/.vite/deps/chunk-OK5QOA52.js?v=902bd1ad:2405
[  115360ms] [WARNING] [Vue warn]: Unhandled error during execution of render function 
  at <AuthLayout> 
  at <Login onVnodeUnmounted=fn<onVnodeUnmounted> ref=Ref< undefined > > 
  at <RouterView> 
  at <App> @ http://localhost:5176/node_modules/.vite/deps/chunk-OK5QOA52.js?v=902bd1ad:2405
[  115360ms] [WARNING] [Vue warn]: Unhandled error during execution of component update 
  at <RouterView> 
  at <App> @ http://localhost:5176/node_modules/.vite/deps/chunk-OK5QOA52.js?v=902bd1ad:2405
[  115360ms] TypeError: _ctx.cn is not a function
    at Proxy._sfc_render (http://localhost:5176/src/layouts/AuthLayout.vue:24:35)
    at renderComponentRoot (http://localhost:5176/node_modules/.vite/deps/chunk-OK5QOA52.js?v=902bd1ad:6944:17)
    at ReactiveEffect.componentUpdateFn [as fn] (http://localhost:5176/node_modules/.vite/deps/chunk-OK5QOA52.js?v=902bd1ad:8517:46)
    at ReactiveEffect.run (http://localhost:5176/node_modules/.vite/deps/chunk-OK5QOA52.js?v=902bd1ad:708:19)
    at setupRenderEffect (http://localhost:5176/node_modules/.vite/deps/chunk-OK5QOA52.js?v=902bd1ad:8652:5)
    at mountComponent (http://localhost:5176/node_modules/.vite/deps/chunk-OK5QOA52.js?v=902bd1ad:8424:7)
    at processComponent (http://localhost:5176/node_modules/.vite/deps/chunk-OK5QOA52.js?v=902bd1ad:8376:9)
    at patch (http://localhost:5176/node_modules/.vite/deps/chunk-OK5QOA52.js?v=902bd1ad:7873:11)
    at ReactiveEffect.componentUpdateFn [as fn] (http://localhost:5176/node_modules/.vite/deps/chunk-OK5QOA52.js?v=902bd1ad:8524:11)
    at ReactiveEffect.run (http://localhost:5176/node_modules/.vite/deps/chunk-OK5QOA52.js?v=902bd1ad:708:19)
