[      48ms] [WARNING] [Vue warn]: Failed to resolve component: ToastProvider
If this is a native custom element, make sure to exclude it from component resolution via compilerOptions.isCustomElement. 
  at <App> @ http://localhost:5176/node_modules/.vite/deps/chunk-UUYRPS3P.js?v=21848a47:2405
[      71ms] [WARNING] [Vue warn]: Failed to resolve component: CardTitle
If this is a native custom element, make sure to exclude it from component resolution via compilerOptions.isCustomElement. 
  at <Login onVnodeUnmounted=fn<onVnodeUnmounted> ref=Ref< undefined > > 
  at <RouterView> 
  at <App> @ http://localhost:5176/node_modules/.vite/deps/chunk-UUYRPS3P.js?v=21848a47:2405
[      71ms] [WARNING] [Vue warn]: Failed to resolve component: CardDescription
If this is a native custom element, make sure to exclude it from component resolution via compilerOptions.isCustomElement. 
  at <Login onVnodeUnmounted=fn<onVnodeUnmounted> ref=Ref< undefined > > 
  at <RouterView> 
  at <App> @ http://localhost:5176/node_modules/.vite/deps/chunk-UUYRPS3P.js?v=21848a47:2405
[      71ms] [WARNING] [Vue warn]: Failed to resolve component: CardHeader
If this is a native custom element, make sure to exclude it from component resolution via compilerOptions.isCustomElement. 
  at <Login onVnodeUnmounted=fn<onVnodeUnmounted> ref=Ref< undefined > > 
  at <RouterView> 
  at <App> @ http://localhost:5176/node_modules/.vite/deps/chunk-UUYRPS3P.js?v=21848a47:2405
[      71ms] [WARNING] [Vue warn]: Failed to resolve component: Alert
If this is a native custom element, make sure to exclude it from component resolution via compilerOptions.isCustomElement. 
  at <Login onVnodeUnmounted=fn<onVnodeUnmounted> ref=Ref< undefined > > 
  at <RouterView> 
  at <App> @ http://localhost:5176/node_modules/.vite/deps/chunk-UUYRPS3P.js?v=21848a47:2405
[      71ms] [WARNING] [Vue warn]: Failed to resolve component: Label
If this is a native custom element, make sure to exclude it from component resolution via compilerOptions.isCustomElement. 
  at <Login onVnodeUnmounted=fn<onVnodeUnmounted> ref=Ref< undefined > > 
  at <RouterView> 
  at <App> @ http://localhost:5176/node_modules/.vite/deps/chunk-UUYRPS3P.js?v=21848a47:2405
[      71ms] [WARNING] [Vue warn]: Failed to resolve component: Input
If this is a native custom element, make sure to exclude it from component resolution via compilerOptions.isCustomElement. 
  at <Login onVnodeUnmounted=fn<onVnodeUnmounted> ref=Ref< undefined > > 
  at <RouterView> 
  at <App> @ http://localhost:5176/node_modules/.vite/deps/chunk-UUYRPS3P.js?v=21848a47:2405
[      71ms] [WARNING] [Vue warn]: Failed to resolve component: FormItem
If this is a native custom element, make sure to exclude it from component resolution via compilerOptions.isCustomElement. 
  at <Login onVnodeUnmounted=fn<onVnodeUnmounted> ref=Ref< undefined > > 
  at <RouterView> 
  at <App> @ http://localhost:5176/node_modules/.vite/deps/chunk-UUYRPS3P.js?v=21848a47:2405
[      71ms] [WARNING] [Vue warn]: Failed to resolve component: PasswordInput
If this is a native custom element, make sure to exclude it from component resolution via compilerOptions.isCustomElement. 
  at <Login onVnodeUnmounted=fn<onVnodeUnmounted> ref=Ref< undefined > > 
  at <RouterView> 
  at <App> @ http://localhost:5176/node_modules/.vite/deps/chunk-UUYRPS3P.js?v=21848a47:2405
[      71ms] [WARNING] [Vue warn]: Failed to resolve component: LoadingButton
If this is a native custom element, make sure to exclude it from component resolution via compilerOptions.isCustomElement. 
  at <Login onVnodeUnmounted=fn<onVnodeUnmounted> ref=Ref< undefined > > 
  at <RouterView> 
  at <App> @ http://localhost:5176/node_modules/.vite/deps/chunk-UUYRPS3P.js?v=21848a47:2405
[      71ms] [WARNING] [Vue warn]: Failed to resolve component: CardContent
If this is a native custom element, make sure to exclude it from component resolution via compilerOptions.isCustomElement. 
  at <Login onVnodeUnmounted=fn<onVnodeUnmounted> ref=Ref< undefined > > 
  at <RouterView> 
  at <App> @ http://localhost:5176/node_modules/.vite/deps/chunk-UUYRPS3P.js?v=21848a47:2405
[      71ms] [WARNING] [Vue warn]: Failed to resolve component: CardFooter
If this is a native custom element, make sure to exclude it from component resolution via compilerOptions.isCustomElement. 
  at <Login onVnodeUnmounted=fn<onVnodeUnmounted> ref=Ref< undefined > > 
  at <RouterView> 
  at <App> @ http://localhost:5176/node_modules/.vite/deps/chunk-UUYRPS3P.js?v=21848a47:2405
[      71ms] [WARNING] [Vue warn]: Failed to resolve component: Card
If this is a native custom element, make sure to exclude it from component resolution via compilerOptions.isCustomElement. 
  at <Login onVnodeUnmounted=fn<onVnodeUnmounted> ref=Ref< undefined > > 
  at <RouterView> 
  at <App> @ http://localhost:5176/node_modules/.vite/deps/chunk-UUYRPS3P.js?v=21848a47:2405
[      71ms] [WARNING] [Vue warn]: Failed to resolve component: AuthLayout
If this is a native custom element, make sure to exclude it from component resolution via compilerOptions.isCustomElement. 
  at <Login onVnodeUnmounted=fn<onVnodeUnmounted> ref=Ref< undefined > > 
  at <RouterView> 
  at <App> @ http://localhost:5176/node_modules/.vite/deps/chunk-UUYRPS3P.js?v=21848a47:2405
[      79ms] [WARNING] [Vue warn]: Failed to resolve component: CardTitle
If this is a native custom element, make sure to exclude it from component resolution via compilerOptions.isCustomElement. 
  at <Login onVnodeUnmounted=fn<onVnodeUnmounted> ref=Ref< Proxy(Object) > > 
  at <RouterView> 
  at <App> @ http://localhost:5176/node_modules/.vite/deps/chunk-UUYRPS3P.js?v=21848a47:2405
[      79ms] [WARNING] [Vue warn]: Failed to resolve component: CardDescription
If this is a native custom element, make sure to exclude it from component resolution via compilerOptions.isCustomElement. 
  at <Login onVnodeUnmounted=fn<onVnodeUnmounted> ref=Ref< Proxy(Object) > > 
  at <RouterView> 
  at <App> @ http://localhost:5176/node_modules/.vite/deps/chunk-UUYRPS3P.js?v=21848a47:2405
[      79ms] [WARNING] [Vue warn]: Failed to resolve component: CardHeader
If this is a native custom element, make sure to exclude it from component resolution via compilerOptions.isCustomElement. 
  at <Login onVnodeUnmounted=fn<onVnodeUnmounted> ref=Ref< Proxy(Object) > > 
  at <RouterView> 
  at <App> @ http://localhost:5176/node_modules/.vite/deps/chunk-UUYRPS3P.js?v=21848a47:2405
[      80ms] [WARNING] [Vue warn]: Failed to resolve component: Alert
If this is a native custom element, make sure to exclude it from component resolution via compilerOptions.isCustomElement. 
  at <Login onVnodeUnmounted=fn<onVnodeUnmounted> ref=Ref< Proxy(Object) > > 
  at <RouterView> 
  at <App> @ http://localhost:5176/node_modules/.vite/deps/chunk-UUYRPS3P.js?v=21848a47:2405
[      80ms] [WARNING] [Vue warn]: Failed to resolve component: Label
If this is a native custom element, make sure to exclude it from component resolution via compilerOptions.isCustomElement. 
  at <Login onVnodeUnmounted=fn<onVnodeUnmounted> ref=Ref< Proxy(Object) > > 
  at <RouterView> 
  at <App> @ http://localhost:5176/node_modules/.vite/deps/chunk-UUYRPS3P.js?v=21848a47:2405
[      80ms] [WARNING] [Vue warn]: Failed to resolve component: Input
If this is a native custom element, make sure to exclude it from component resolution via compilerOptions.isCustomElement. 
  at <Login onVnodeUnmounted=fn<onVnodeUnmounted> ref=Ref< Proxy(Object) > > 
  at <RouterView> 
  at <App> @ http://localhost:5176/node_modules/.vite/deps/chunk-UUYRPS3P.js?v=21848a47:2405
[      80ms] [WARNING] [Vue warn]: Failed to resolve component: FormItem
If this is a native custom element, make sure to exclude it from component resolution via compilerOptions.isCustomElement. 
  at <Login onVnodeUnmounted=fn<onVnodeUnmounted> ref=Ref< Proxy(Object) > > 
  at <RouterView> 
  at <App> @ http://localhost:5176/node_modules/.vite/deps/chunk-UUYRPS3P.js?v=21848a47:2405
[      80ms] [WARNING] [Vue warn]: Failed to resolve component: PasswordInput
If this is a native custom element, make sure to exclude it from component resolution via compilerOptions.isCustomElement. 
  at <Login onVnodeUnmounted=fn<onVnodeUnmounted> ref=Ref< Proxy(Object) > > 
  at <RouterView> 
  at <App> @ http://localhost:5176/node_modules/.vite/deps/chunk-UUYRPS3P.js?v=21848a47:2405
[      80ms] [WARNING] [Vue warn]: Failed to resolve component: LoadingButton
If this is a native custom element, make sure to exclude it from component resolution via compilerOptions.isCustomElement. 
  at <Login onVnodeUnmounted=fn<onVnodeUnmounted> ref=Ref< Proxy(Object) > > 
  at <RouterView> 
  at <App> @ http://localhost:5176/node_modules/.vite/deps/chunk-UUYRPS3P.js?v=21848a47:2405
[      80ms] [WARNING] [Vue warn]: Failed to resolve component: CardContent
If this is a native custom element, make sure to exclude it from component resolution via compilerOptions.isCustomElement. 
  at <Login onVnodeUnmounted=fn<onVnodeUnmounted> ref=Ref< Proxy(Object) > > 
  at <RouterView> 
  at <App> @ http://localhost:5176/node_modules/.vite/deps/chunk-UUYRPS3P.js?v=21848a47:2405
[      80ms] [WARNING] [Vue warn]: Failed to resolve component: CardFooter
If this is a native custom element, make sure to exclude it from component resolution via compilerOptions.isCustomElement. 
  at <Login onVnodeUnmounted=fn<onVnodeUnmounted> ref=Ref< Proxy(Object) > > 
  at <RouterView> 
  at <App> @ http://localhost:5176/node_modules/.vite/deps/chunk-UUYRPS3P.js?v=21848a47:2405
[      80ms] [WARNING] [Vue warn]: Failed to resolve component: Card
If this is a native custom element, make sure to exclude it from component resolution via compilerOptions.isCustomElement. 
  at <Login onVnodeUnmounted=fn<onVnodeUnmounted> ref=Ref< Proxy(Object) > > 
  at <RouterView> 
  at <App> @ http://localhost:5176/node_modules/.vite/deps/chunk-UUYRPS3P.js?v=21848a47:2405
[      80ms] [WARNING] [Vue warn]: Failed to resolve component: AuthLayout
If this is a native custom element, make sure to exclude it from component resolution via compilerOptions.isCustomElement. 
  at <Login onVnodeUnmounted=fn<onVnodeUnmounted> ref=Ref< Proxy(Object) > > 
  at <RouterView> 
  at <App> @ http://localhost:5176/node_modules/.vite/deps/chunk-UUYRPS3P.js?v=21848a47:2405
[   40705ms] [WARNING] [Vue warn]: Failed to resolve component: ToastProvider
If this is a native custom element, make sure to exclude it from component resolution via compilerOptions.isCustomElement. 
  at <App> @ http://localhost:5176/node_modules/.vite/deps/chunk-UUYRPS3P.js?v=21848a47:2405
[   40718ms] [WARNING] [Vue warn]: Failed to resolve component: CardTitle
If this is a native custom element, make sure to exclude it from component resolution via compilerOptions.isCustomElement. 
  at <Login onVnodeUnmounted=fn<onVnodeUnmounted> ref=Ref< undefined > > 
  at <RouterView> 
  at <App> @ http://localhost:5176/node_modules/.vite/deps/chunk-UUYRPS3P.js?v=21848a47:2405
[   40718ms] [WARNING] [Vue warn]: Failed to resolve component: CardDescription
If this is a native custom element, make sure to exclude it from component resolution via compilerOptions.isCustomElement. 
  at <Login onVnodeUnmounted=fn<onVnodeUnmounted> ref=Ref< undefined > > 
  at <RouterView> 
  at <App> @ http://localhost:5176/node_modules/.vite/deps/chunk-UUYRPS3P.js?v=21848a47:2405
[   40719ms] [WARNING] [Vue warn]: Failed to resolve component: CardHeader
If this is a native custom element, make sure to exclude it from component resolution via compilerOptions.isCustomElement. 
  at <Login onVnodeUnmounted=fn<onVnodeUnmounted> ref=Ref< undefined > > 
  at <RouterView> 
  at <App> @ http://localhost:5176/node_modules/.vite/deps/chunk-UUYRPS3P.js?v=21848a47:2405
[   40719ms] [WARNING] [Vue warn]: Failed to resolve component: Alert
If this is a native custom element, make sure to exclude it from component resolution via compilerOptions.isCustomElement. 
  at <Login onVnodeUnmounted=fn<onVnodeUnmounted> ref=Ref< undefined > > 
  at <RouterView> 
  at <App> @ http://localhost:5176/node_modules/.vite/deps/chunk-UUYRPS3P.js?v=21848a47:2405
[   40719ms] [WARNING] [Vue warn]: Failed to resolve component: Label
If this is a native custom element, make sure to exclude it from component resolution via compilerOptions.isCustomElement. 
  at <Login onVnodeUnmounted=fn<onVnodeUnmounted> ref=Ref< undefined > > 
  at <RouterView> 
  at <App> @ http://localhost:5176/node_modules/.vite/deps/chunk-UUYRPS3P.js?v=21848a47:2405
[   40719ms] [WARNING] [Vue warn]: Failed to resolve component: Input
If this is a native custom element, make sure to exclude it from component resolution via compilerOptions.isCustomElement. 
  at <Login onVnodeUnmounted=fn<onVnodeUnmounted> ref=Ref< undefined > > 
  at <RouterView> 
  at <App> @ http://localhost:5176/node_modules/.vite/deps/chunk-UUYRPS3P.js?v=21848a47:2405
[   40719ms] [WARNING] [Vue warn]: Failed to resolve component: FormItem
If this is a native custom element, make sure to exclude it from component resolution via compilerOptions.isCustomElement. 
  at <Login onVnodeUnmounted=fn<onVnodeUnmounted> ref=Ref< undefined > > 
  at <RouterView> 
  at <App> @ http://localhost:5176/node_modules/.vite/deps/chunk-UUYRPS3P.js?v=21848a47:2405
[   40719ms] [WARNING] [Vue warn]: Failed to resolve component: PasswordInput
If this is a native custom element, make sure to exclude it from component resolution via compilerOptions.isCustomElement. 
  at <Login onVnodeUnmounted=fn<onVnodeUnmounted> ref=Ref< undefined > > 
  at <RouterView> 
  at <App> @ http://localhost:5176/node_modules/.vite/deps/chunk-UUYRPS3P.js?v=21848a47:2405
[   40719ms] [WARNING] [Vue warn]: Failed to resolve component: LoadingButton
If this is a native custom element, make sure to exclude it from component resolution via compilerOptions.isCustomElement. 
  at <Login onVnodeUnmounted=fn<onVnodeUnmounted> ref=Ref< undefined > > 
  at <RouterView> 
  at <App> @ http://localhost:5176/node_modules/.vite/deps/chunk-UUYRPS3P.js?v=21848a47:2405
[   40719ms] [WARNING] [Vue warn]: Failed to resolve component: CardContent
If this is a native custom element, make sure to exclude it from component resolution via compilerOptions.isCustomElement. 
  at <Login onVnodeUnmounted=fn<onVnodeUnmounted> ref=Ref< undefined > > 
  at <RouterView> 
  at <App> @ http://localhost:5176/node_modules/.vite/deps/chunk-UUYRPS3P.js?v=21848a47:2405
[   40719ms] [WARNING] [Vue warn]: Failed to resolve component: CardFooter
If this is a native custom element, make sure to exclude it from component resolution via compilerOptions.isCustomElement. 
  at <Login onVnodeUnmounted=fn<onVnodeUnmounted> ref=Ref< undefined > > 
  at <RouterView> 
  at <App> @ http://localhost:5176/node_modules/.vite/deps/chunk-UUYRPS3P.js?v=21848a47:2405
[   40719ms] [WARNING] [Vue warn]: Failed to resolve component: Card
If this is a native custom element, make sure to exclude it from component resolution via compilerOptions.isCustomElement. 
  at <Login onVnodeUnmounted=fn<onVnodeUnmounted> ref=Ref< undefined > > 
  at <RouterView> 
  at <App> @ http://localhost:5176/node_modules/.vite/deps/chunk-UUYRPS3P.js?v=21848a47:2405
[   40719ms] [WARNING] [Vue warn]: Failed to resolve component: AuthLayout
If this is a native custom element, make sure to exclude it from component resolution via compilerOptions.isCustomElement. 
  at <Login onVnodeUnmounted=fn<onVnodeUnmounted> ref=Ref< undefined > > 
  at <RouterView> 
  at <App> @ http://localhost:5176/node_modules/.vite/deps/chunk-UUYRPS3P.js?v=21848a47:2405
[   40736ms] [WARNING] [Vue warn]: Failed to resolve component: CardTitle
If this is a native custom element, make sure to exclude it from component resolution via compilerOptions.isCustomElement. 
  at <Login onVnodeUnmounted=fn<onVnodeUnmounted> ref=Ref< Proxy(Object) > > 
  at <RouterView> 
  at <App> @ http://localhost:5176/node_modules/.vite/deps/chunk-UUYRPS3P.js?v=21848a47:2405
[   40736ms] [WARNING] [Vue warn]: Failed to resolve component: CardDescription
If this is a native custom element, make sure to exclude it from component resolution via compilerOptions.isCustomElement. 
  at <Login onVnodeUnmounted=fn<onVnodeUnmounted> ref=Ref< Proxy(Object) > > 
  at <RouterView> 
  at <App> @ http://localhost:5176/node_modules/.vite/deps/chunk-UUYRPS3P.js?v=21848a47:2405
[   40736ms] [WARNING] [Vue warn]: Failed to resolve component: CardHeader
If this is a native custom element, make sure to exclude it from component resolution via compilerOptions.isCustomElement. 
  at <Login onVnodeUnmounted=fn<onVnodeUnmounted> ref=Ref< Proxy(Object) > > 
  at <RouterView> 
  at <App> @ http://localhost:5176/node_modules/.vite/deps/chunk-UUYRPS3P.js?v=21848a47:2405
[   40736ms] [WARNING] [Vue warn]: Failed to resolve component: Alert
If this is a native custom element, make sure to exclude it from component resolution via compilerOptions.isCustomElement. 
  at <Login onVnodeUnmounted=fn<onVnodeUnmounted> ref=Ref< Proxy(Object) > > 
  at <RouterView> 
  at <App> @ http://localhost:5176/node_modules/.vite/deps/chunk-UUYRPS3P.js?v=21848a47:2405
[   40736ms] [WARNING] [Vue warn]: Failed to resolve component: Label
If this is a native custom element, make sure to exclude it from component resolution via compilerOptions.isCustomElement. 
  at <Login onVnodeUnmounted=fn<onVnodeUnmounted> ref=Ref< Proxy(Object) > > 
  at <RouterView> 
  at <App> @ http://localhost:5176/node_modules/.vite/deps/chunk-UUYRPS3P.js?v=21848a47:2405
[   40736ms] [WARNING] [Vue warn]: Failed to resolve component: Input
If this is a native custom element, make sure to exclude it from component resolution via compilerOptions.isCustomElement. 
  at <Login onVnodeUnmounted=fn<onVnodeUnmounted> ref=Ref< Proxy(Object) > > 
  at <RouterView> 
  at <App> @ http://localhost:5176/node_modules/.vite/deps/chunk-UUYRPS3P.js?v=21848a47:2405
[   40736ms] [WARNING] [Vue warn]: Failed to resolve component: FormItem
If this is a native custom element, make sure to exclude it from component resolution via compilerOptions.isCustomElement. 
  at <Login onVnodeUnmounted=fn<onVnodeUnmounted> ref=Ref< Proxy(Object) > > 
  at <RouterView> 
  at <App> @ http://localhost:5176/node_modules/.vite/deps/chunk-UUYRPS3P.js?v=21848a47:2405
[   40736ms] [WARNING] [Vue warn]: Failed to resolve component: PasswordInput
If this is a native custom element, make sure to exclude it from component resolution via compilerOptions.isCustomElement. 
  at <Login onVnodeUnmounted=fn<onVnodeUnmounted> ref=Ref< Proxy(Object) > > 
  at <RouterView> 
  at <App> @ http://localhost:5176/node_modules/.vite/deps/chunk-UUYRPS3P.js?v=21848a47:2405
[   40737ms] [WARNING] [Vue warn]: Failed to resolve component: LoadingButton
If this is a native custom element, make sure to exclude it from component resolution via compilerOptions.isCustomElement. 
  at <Login onVnodeUnmounted=fn<onVnodeUnmounted> ref=Ref< Proxy(Object) > > 
  at <RouterView> 
  at <App> @ http://localhost:5176/node_modules/.vite/deps/chunk-UUYRPS3P.js?v=21848a47:2405
[   40737ms] [WARNING] [Vue warn]: Failed to resolve component: CardContent
If this is a native custom element, make sure to exclude it from component resolution via compilerOptions.isCustomElement. 
  at <Login onVnodeUnmounted=fn<onVnodeUnmounted> ref=Ref< Proxy(Object) > > 
  at <RouterView> 
  at <App> @ http://localhost:5176/node_modules/.vite/deps/chunk-UUYRPS3P.js?v=21848a47:2405
[   40737ms] [WARNING] [Vue warn]: Failed to resolve component: CardFooter
If this is a native custom element, make sure to exclude it from component resolution via compilerOptions.isCustomElement. 
  at <Login onVnodeUnmounted=fn<onVnodeUnmounted> ref=Ref< Proxy(Object) > > 
  at <RouterView> 
  at <App> @ http://localhost:5176/node_modules/.vite/deps/chunk-UUYRPS3P.js?v=21848a47:2405
[   40737ms] [WARNING] [Vue warn]: Failed to resolve component: Card
If this is a native custom element, make sure to exclude it from component resolution via compilerOptions.isCustomElement. 
  at <Login onVnodeUnmounted=fn<onVnodeUnmounted> ref=Ref< Proxy(Object) > > 
  at <RouterView> 
  at <App> @ http://localhost:5176/node_modules/.vite/deps/chunk-UUYRPS3P.js?v=21848a47:2405
[   40737ms] [WARNING] [Vue warn]: Failed to resolve component: AuthLayout
If this is a native custom element, make sure to exclude it from component resolution via compilerOptions.isCustomElement. 
  at <Login onVnodeUnmounted=fn<onVnodeUnmounted> ref=Ref< Proxy(Object) > > 
  at <RouterView> 
  at <App> @ http://localhost:5176/node_modules/.vite/deps/chunk-UUYRPS3P.js?v=21848a47:2405
[   49669ms] [WARNING] [Vue warn]: Failed to resolve component: ToastProvider
If this is a native custom element, make sure to exclude it from component resolution via compilerOptions.isCustomElement. 
  at <App> @ http://localhost:5176/node_modules/.vite/deps/chunk-UUYRPS3P.js?v=21848a47:2405
[   49686ms] [WARNING] [Vue warn]: Failed to resolve component: CardTitle
If this is a native custom element, make sure to exclude it from component resolution via compilerOptions.isCustomElement. 
  at <Login onVnodeUnmounted=fn<onVnodeUnmounted> ref=Ref< undefined > > 
  at <RouterView> 
  at <App> @ http://localhost:5176/node_modules/.vite/deps/chunk-UUYRPS3P.js?v=21848a47:2405
[   49687ms] [WARNING] [Vue warn]: Failed to resolve component: CardDescription
If this is a native custom element, make sure to exclude it from component resolution via compilerOptions.isCustomElement. 
  at <Login onVnodeUnmounted=fn<onVnodeUnmounted> ref=Ref< undefined > > 
  at <RouterView> 
  at <App> @ http://localhost:5176/node_modules/.vite/deps/chunk-UUYRPS3P.js?v=21848a47:2405
[   49687ms] [WARNING] [Vue warn]: Failed to resolve component: CardHeader
If this is a native custom element, make sure to exclude it from component resolution via compilerOptions.isCustomElement. 
  at <Login onVnodeUnmounted=fn<onVnodeUnmounted> ref=Ref< undefined > > 
  at <RouterView> 
  at <App> @ http://localhost:5176/node_modules/.vite/deps/chunk-UUYRPS3P.js?v=21848a47:2405
[   49687ms] [WARNING] [Vue warn]: Failed to resolve component: Alert
If this is a native custom element, make sure to exclude it from component resolution via compilerOptions.isCustomElement. 
  at <Login onVnodeUnmounted=fn<onVnodeUnmounted> ref=Ref< undefined > > 
  at <RouterView> 
  at <App> @ http://localhost:5176/node_modules/.vite/deps/chunk-UUYRPS3P.js?v=21848a47:2405
[   49687ms] [WARNING] [Vue warn]: Failed to resolve component: Label
If this is a native custom element, make sure to exclude it from component resolution via compilerOptions.isCustomElement. 
  at <Login onVnodeUnmounted=fn<onVnodeUnmounted> ref=Ref< undefined > > 
  at <RouterView> 
  at <App> @ http://localhost:5176/node_modules/.vite/deps/chunk-UUYRPS3P.js?v=21848a47:2405
[   49687ms] [WARNING] [Vue warn]: Failed to resolve component: Input
If this is a native custom element, make sure to exclude it from component resolution via compilerOptions.isCustomElement. 
  at <Login onVnodeUnmounted=fn<onVnodeUnmounted> ref=Ref< undefined > > 
  at <RouterView> 
  at <App> @ http://localhost:5176/node_modules/.vite/deps/chunk-UUYRPS3P.js?v=21848a47:2405
[   49687ms] [WARNING] [Vue warn]: Failed to resolve component: FormItem
If this is a native custom element, make sure to exclude it from component resolution via compilerOptions.isCustomElement. 
  at <Login onVnodeUnmounted=fn<onVnodeUnmounted> ref=Ref< undefined > > 
  at <RouterView> 
  at <App> @ http://localhost:5176/node_modules/.vite/deps/chunk-UUYRPS3P.js?v=21848a47:2405
[   49687ms] [WARNING] [Vue warn]: Failed to resolve component: PasswordInput
If this is a native custom element, make sure to exclude it from component resolution via compilerOptions.isCustomElement. 
  at <Login onVnodeUnmounted=fn<onVnodeUnmounted> ref=Ref< undefined > > 
  at <RouterView> 
  at <App> @ http://localhost:5176/node_modules/.vite/deps/chunk-UUYRPS3P.js?v=21848a47:2405
[   49687ms] [WARNING] [Vue warn]: Failed to resolve component: LoadingButton
If this is a native custom element, make sure to exclude it from component resolution via compilerOptions.isCustomElement. 
  at <Login onVnodeUnmounted=fn<onVnodeUnmounted> ref=Ref< undefined > > 
  at <RouterView> 
  at <App> @ http://localhost:5176/node_modules/.vite/deps/chunk-UUYRPS3P.js?v=21848a47:2405
[   49687ms] [WARNING] [Vue warn]: Failed to resolve component: CardContent
If this is a native custom element, make sure to exclude it from component resolution via compilerOptions.isCustomElement. 
  at <Login onVnodeUnmounted=fn<onVnodeUnmounted> ref=Ref< undefined > > 
  at <RouterView> 
  at <App> @ http://localhost:5176/node_modules/.vite/deps/chunk-UUYRPS3P.js?v=21848a47:2405
[   49687ms] [WARNING] [Vue warn]: Failed to resolve component: CardFooter
If this is a native custom element, make sure to exclude it from component resolution via compilerOptions.isCustomElement. 
  at <Login onVnodeUnmounted=fn<onVnodeUnmounted> ref=Ref< undefined > > 
  at <RouterView> 
  at <App> @ http://localhost:5176/node_modules/.vite/deps/chunk-UUYRPS3P.js?v=21848a47:2405
[   49687ms] [WARNING] [Vue warn]: Failed to resolve component: Card
If this is a native custom element, make sure to exclude it from component resolution via compilerOptions.isCustomElement. 
  at <Login onVnodeUnmounted=fn<onVnodeUnmounted> ref=Ref< undefined > > 
  at <RouterView> 
  at <App> @ http://localhost:5176/node_modules/.vite/deps/chunk-UUYRPS3P.js?v=21848a47:2405
[   49687ms] [WARNING] [Vue warn]: Failed to resolve component: AuthLayout
If this is a native custom element, make sure to exclude it from component resolution via compilerOptions.isCustomElement. 
  at <Login onVnodeUnmounted=fn<onVnodeUnmounted> ref=Ref< undefined > > 
  at <RouterView> 
  at <App> @ http://localhost:5176/node_modules/.vite/deps/chunk-UUYRPS3P.js?v=21848a47:2405
[   49708ms] [WARNING] [Vue warn]: Failed to resolve component: CardTitle
If this is a native custom element, make sure to exclude it from component resolution via compilerOptions.isCustomElement. 
  at <Login onVnodeUnmounted=fn<onVnodeUnmounted> ref=Ref< Proxy(Object) > > 
  at <RouterView> 
  at <App> @ http://localhost:5176/node_modules/.vite/deps/chunk-UUYRPS3P.js?v=21848a47:2405
[   49708ms] [WARNING] [Vue warn]: Failed to resolve component: CardDescription
If this is a native custom element, make sure to exclude it from component resolution via compilerOptions.isCustomElement. 
  at <Login onVnodeUnmounted=fn<onVnodeUnmounted> ref=Ref< Proxy(Object) > > 
  at <RouterView> 
  at <App> @ http://localhost:5176/node_modules/.vite/deps/chunk-UUYRPS3P.js?v=21848a47:2405
[   49708ms] [WARNING] [Vue warn]: Failed to resolve component: CardHeader
If this is a native custom element, make sure to exclude it from component resolution via compilerOptions.isCustomElement. 
  at <Login onVnodeUnmounted=fn<onVnodeUnmounted> ref=Ref< Proxy(Object) > > 
  at <RouterView> 
  at <App> @ http://localhost:5176/node_modules/.vite/deps/chunk-UUYRPS3P.js?v=21848a47:2405
[   49708ms] [WARNING] [Vue warn]: Failed to resolve component: Alert
If this is a native custom element, make sure to exclude it from component resolution via compilerOptions.isCustomElement. 
  at <Login onVnodeUnmounted=fn<onVnodeUnmounted> ref=Ref< Proxy(Object) > > 
  at <RouterView> 
  at <App> @ http://localhost:5176/node_modules/.vite/deps/chunk-UUYRPS3P.js?v=21848a47:2405
[   49708ms] [WARNING] [Vue warn]: Failed to resolve component: Label
If this is a native custom element, make sure to exclude it from component resolution via compilerOptions.isCustomElement. 
  at <Login onVnodeUnmounted=fn<onVnodeUnmounted> ref=Ref< Proxy(Object) > > 
  at <RouterView> 
  at <App> @ http://localhost:5176/node_modules/.vite/deps/chunk-UUYRPS3P.js?v=21848a47:2405
[   49708ms] [WARNING] [Vue warn]: Failed to resolve component: Input
If this is a native custom element, make sure to exclude it from component resolution via compilerOptions.isCustomElement. 
  at <Login onVnodeUnmounted=fn<onVnodeUnmounted> ref=Ref< Proxy(Object) > > 
  at <RouterView> 
  at <App> @ http://localhost:5176/node_modules/.vite/deps/chunk-UUYRPS3P.js?v=21848a47:2405
[   49708ms] [WARNING] [Vue warn]: Failed to resolve component: FormItem
If this is a native custom element, make sure to exclude it from component resolution via compilerOptions.isCustomElement. 
  at <Login onVnodeUnmounted=fn<onVnodeUnmounted> ref=Ref< Proxy(Object) > > 
  at <RouterView> 
  at <App> @ http://localhost:5176/node_modules/.vite/deps/chunk-UUYRPS3P.js?v=21848a47:2405
[   49708ms] [WARNING] [Vue warn]: Failed to resolve component: PasswordInput
If this is a native custom element, make sure to exclude it from component resolution via compilerOptions.isCustomElement. 
  at <Login onVnodeUnmounted=fn<onVnodeUnmounted> ref=Ref< Proxy(Object) > > 
  at <RouterView> 
  at <App> @ http://localhost:5176/node_modules/.vite/deps/chunk-UUYRPS3P.js?v=21848a47:2405
[   49708ms] [WARNING] [Vue warn]: Failed to resolve component: LoadingButton
If this is a native custom element, make sure to exclude it from component resolution via compilerOptions.isCustomElement. 
  at <Login onVnodeUnmounted=fn<onVnodeUnmounted> ref=Ref< Proxy(Object) > > 
  at <RouterView> 
  at <App> @ http://localhost:5176/node_modules/.vite/deps/chunk-UUYRPS3P.js?v=21848a47:2405
[   49708ms] [WARNING] [Vue warn]: Failed to resolve component: CardContent
If this is a native custom element, make sure to exclude it from component resolution via compilerOptions.isCustomElement. 
  at <Login onVnodeUnmounted=fn<onVnodeUnmounted> ref=Ref< Proxy(Object) > > 
  at <RouterView> 
  at <App> @ http://localhost:5176/node_modules/.vite/deps/chunk-UUYRPS3P.js?v=21848a47:2405
[   49708ms] [WARNING] [Vue warn]: Failed to resolve component: CardFooter
If this is a native custom element, make sure to exclude it from component resolution via compilerOptions.isCustomElement. 
  at <Login onVnodeUnmounted=fn<onVnodeUnmounted> ref=Ref< Proxy(Object) > > 
  at <RouterView> 
  at <App> @ http://localhost:5176/node_modules/.vite/deps/chunk-UUYRPS3P.js?v=21848a47:2405
[   49709ms] [WARNING] [Vue warn]: Failed to resolve component: Card
If this is a native custom element, make sure to exclude it from component resolution via compilerOptions.isCustomElement. 
  at <Login onVnodeUnmounted=fn<onVnodeUnmounted> ref=Ref< Proxy(Object) > > 
  at <RouterView> 
  at <App> @ http://localhost:5176/node_modules/.vite/deps/chunk-UUYRPS3P.js?v=21848a47:2405
[   49709ms] [WARNING] [Vue warn]: Failed to resolve component: AuthLayout
If this is a native custom element, make sure to exclude it from component resolution via compilerOptions.isCustomElement. 
  at <Login onVnodeUnmounted=fn<onVnodeUnmounted> ref=Ref< Proxy(Object) > > 
  at <RouterView> 
  at <App> @ http://localhost:5176/node_modules/.vite/deps/chunk-UUYRPS3P.js?v=21848a47:2405
[   61357ms] [LOG] [vite] server connection lost. Polling for restart... @ http://localhost:5176/@vite/client:864
[   71653ms] [WARNING] [Vue warn]: Failed to resolve component: ToastProvider
If this is a native custom element, make sure to exclude it from component resolution via compilerOptions.isCustomElement. 
  at <App> @ http://localhost:5176/node_modules/.vite/deps/chunk-UUYRPS3P.js?v=fd0dfa0c:2405
[   71690ms] [WARNING] [Vue warn]: Failed to resolve component: CardTitle
If this is a native custom element, make sure to exclude it from component resolution via compilerOptions.isCustomElement. 
  at <Login onVnodeUnmounted=fn<onVnodeUnmounted> ref=Ref< undefined > > 
  at <RouterView> 
  at <App> @ http://localhost:5176/node_modules/.vite/deps/chunk-UUYRPS3P.js?v=fd0dfa0c:2405
[   71690ms] [WARNING] [Vue warn]: Failed to resolve component: CardDescription
If this is a native custom element, make sure to exclude it from component resolution via compilerOptions.isCustomElement. 
  at <Login onVnodeUnmounted=fn<onVnodeUnmounted> ref=Ref< undefined > > 
  at <RouterView> 
  at <App> @ http://localhost:5176/node_modules/.vite/deps/chunk-UUYRPS3P.js?v=fd0dfa0c:2405
[   71690ms] [WARNING] [Vue warn]: Failed to resolve component: CardHeader
If this is a native custom element, make sure to exclude it from component resolution via compilerOptions.isCustomElement. 
  at <Login onVnodeUnmounted=fn<onVnodeUnmounted> ref=Ref< undefined > > 
  at <RouterView> 
  at <App> @ http://localhost:5176/node_modules/.vite/deps/chunk-UUYRPS3P.js?v=fd0dfa0c:2405
[   71690ms] [WARNING] [Vue warn]: Failed to resolve component: Alert
If this is a native custom element, make sure to exclude it from component resolution via compilerOptions.isCustomElement. 
  at <Login onVnodeUnmounted=fn<onVnodeUnmounted> ref=Ref< undefined > > 
  at <RouterView> 
  at <App> @ http://localhost:5176/node_modules/.vite/deps/chunk-UUYRPS3P.js?v=fd0dfa0c:2405
[   71691ms] [WARNING] [Vue warn]: Failed to resolve component: Label
If this is a native custom element, make sure to exclude it from component resolution via compilerOptions.isCustomElement. 
  at <Login onVnodeUnmounted=fn<onVnodeUnmounted> ref=Ref< undefined > > 
  at <RouterView> 
  at <App> @ http://localhost:5176/node_modules/.vite/deps/chunk-UUYRPS3P.js?v=fd0dfa0c:2405
[   71691ms] [WARNING] [Vue warn]: Failed to resolve component: Input
If this is a native custom element, make sure to exclude it from component resolution via compilerOptions.isCustomElement. 
  at <Login onVnodeUnmounted=fn<onVnodeUnmounted> ref=Ref< undefined > > 
  at <RouterView> 
  at <App> @ http://localhost:5176/node_modules/.vite/deps/chunk-UUYRPS3P.js?v=fd0dfa0c:2405
[   71691ms] [WARNING] [Vue warn]: Failed to resolve component: FormItem
If this is a native custom element, make sure to exclude it from component resolution via compilerOptions.isCustomElement. 
  at <Login onVnodeUnmounted=fn<onVnodeUnmounted> ref=Ref< undefined > > 
  at <RouterView> 
  at <App> @ http://localhost:5176/node_modules/.vite/deps/chunk-UUYRPS3P.js?v=fd0dfa0c:2405
[   71691ms] [WARNING] [Vue warn]: Failed to resolve component: PasswordInput
If this is a native custom element, make sure to exclude it from component resolution via compilerOptions.isCustomElement. 
  at <Login onVnodeUnmounted=fn<onVnodeUnmounted> ref=Ref< undefined > > 
  at <RouterView> 
  at <App> @ http://localhost:5176/node_modules/.vite/deps/chunk-UUYRPS3P.js?v=fd0dfa0c:2405
[   71691ms] [WARNING] [Vue warn]: Failed to resolve component: LoadingButton
If this is a native custom element, make sure to exclude it from component resolution via compilerOptions.isCustomElement. 
  at <Login onVnodeUnmounted=fn<onVnodeUnmounted> ref=Ref< undefined > > 
  at <RouterView> 
  at <App> @ http://localhost:5176/node_modules/.vite/deps/chunk-UUYRPS3P.js?v=fd0dfa0c:2405
[   71691ms] [WARNING] [Vue warn]: Failed to resolve component: CardContent
If this is a native custom element, make sure to exclude it from component resolution via compilerOptions.isCustomElement. 
  at <Login onVnodeUnmounted=fn<onVnodeUnmounted> ref=Ref< undefined > > 
  at <RouterView> 
  at <App> @ http://localhost:5176/node_modules/.vite/deps/chunk-UUYRPS3P.js?v=fd0dfa0c:2405
[   71691ms] [WARNING] [Vue warn]: Failed to resolve component: CardFooter
If this is a native custom element, make sure to exclude it from component resolution via compilerOptions.isCustomElement. 
  at <Login onVnodeUnmounted=fn<onVnodeUnmounted> ref=Ref< undefined > > 
  at <RouterView> 
  at <App> @ http://localhost:5176/node_modules/.vite/deps/chunk-UUYRPS3P.js?v=fd0dfa0c:2405
[   71691ms] [WARNING] [Vue warn]: Failed to resolve component: Card
If this is a native custom element, make sure to exclude it from component resolution via compilerOptions.isCustomElement. 
  at <Login onVnodeUnmounted=fn<onVnodeUnmounted> ref=Ref< undefined > > 
  at <RouterView> 
  at <App> @ http://localhost:5176/node_modules/.vite/deps/chunk-UUYRPS3P.js?v=fd0dfa0c:2405
[   71691ms] [WARNING] [Vue warn]: Failed to resolve component: AuthLayout
If this is a native custom element, make sure to exclude it from component resolution via compilerOptions.isCustomElement. 
  at <Login onVnodeUnmounted=fn<onVnodeUnmounted> ref=Ref< undefined > > 
  at <RouterView> 
  at <App> @ http://localhost:5176/node_modules/.vite/deps/chunk-UUYRPS3P.js?v=fd0dfa0c:2405
[   71703ms] [WARNING] [Vue warn]: Failed to resolve component: CardTitle
If this is a native custom element, make sure to exclude it from component resolution via compilerOptions.isCustomElement. 
  at <Login onVnodeUnmounted=fn<onVnodeUnmounted> ref=Ref< Proxy(Object) > > 
  at <RouterView> 
  at <App> @ http://localhost:5176/node_modules/.vite/deps/chunk-UUYRPS3P.js?v=fd0dfa0c:2405
[   71703ms] [WARNING] [Vue warn]: Failed to resolve component: CardDescription
If this is a native custom element, make sure to exclude it from component resolution via compilerOptions.isCustomElement. 
  at <Login onVnodeUnmounted=fn<onVnodeUnmounted> ref=Ref< Proxy(Object) > > 
  at <RouterView> 
  at <App> @ http://localhost:5176/node_modules/.vite/deps/chunk-UUYRPS3P.js?v=fd0dfa0c:2405
[   71703ms] [WARNING] [Vue warn]: Failed to resolve component: CardHeader
If this is a native custom element, make sure to exclude it from component resolution via compilerOptions.isCustomElement. 
  at <Login onVnodeUnmounted=fn<onVnodeUnmounted> ref=Ref< Proxy(Object) > > 
  at <RouterView> 
  at <App> @ http://localhost:5176/node_modules/.vite/deps/chunk-UUYRPS3P.js?v=fd0dfa0c:2405
[   71703ms] [WARNING] [Vue warn]: Failed to resolve component: Alert
If this is a native custom element, make sure to exclude it from component resolution via compilerOptions.isCustomElement. 
  at <Login onVnodeUnmounted=fn<onVnodeUnmounted> ref=Ref< Proxy(Object) > > 
  at <RouterView> 
  at <App> @ http://localhost:5176/node_modules/.vite/deps/chunk-UUYRPS3P.js?v=fd0dfa0c:2405
[   71703ms] [WARNING] [Vue warn]: Failed to resolve component: Label
If this is a native custom element, make sure to exclude it from component resolution via compilerOptions.isCustomElement. 
  at <Login onVnodeUnmounted=fn<onVnodeUnmounted> ref=Ref< Proxy(Object) > > 
  at <RouterView> 
  at <App> @ http://localhost:5176/node_modules/.vite/deps/chunk-UUYRPS3P.js?v=fd0dfa0c:2405
[   71703ms] [WARNING] [Vue warn]: Failed to resolve component: Input
If this is a native custom element, make sure to exclude it from component resolution via compilerOptions.isCustomElement. 
  at <Login onVnodeUnmounted=fn<onVnodeUnmounted> ref=Ref< Proxy(Object) > > 
  at <RouterView> 
  at <App> @ http://localhost:5176/node_modules/.vite/deps/chunk-UUYRPS3P.js?v=fd0dfa0c:2405
[   71703ms] [WARNING] [Vue warn]: Failed to resolve component: FormItem
If this is a native custom element, make sure to exclude it from component resolution via compilerOptions.isCustomElement. 
  at <Login onVnodeUnmounted=fn<onVnodeUnmounted> ref=Ref< Proxy(Object) > > 
  at <RouterView> 
  at <App> @ http://localhost:5176/node_modules/.vite/deps/chunk-UUYRPS3P.js?v=fd0dfa0c:2405
[   71704ms] [WARNING] [Vue warn]: Failed to resolve component: PasswordInput
If this is a native custom element, make sure to exclude it from component resolution via compilerOptions.isCustomElement. 
  at <Login onVnodeUnmounted=fn<onVnodeUnmounted> ref=Ref< Proxy(Object) > > 
  at <RouterView> 
  at <App> @ http://localhost:5176/node_modules/.vite/deps/chunk-UUYRPS3P.js?v=fd0dfa0c:2405
[   71704ms] [WARNING] [Vue warn]: Failed to resolve component: LoadingButton
If this is a native custom element, make sure to exclude it from component resolution via compilerOptions.isCustomElement. 
  at <Login onVnodeUnmounted=fn<onVnodeUnmounted> ref=Ref< Proxy(Object) > > 
  at <RouterView> 
  at <App> @ http://localhost:5176/node_modules/.vite/deps/chunk-UUYRPS3P.js?v=fd0dfa0c:2405
[   71704ms] [WARNING] [Vue warn]: Failed to resolve component: CardContent
If this is a native custom element, make sure to exclude it from component resolution via compilerOptions.isCustomElement. 
  at <Login onVnodeUnmounted=fn<onVnodeUnmounted> ref=Ref< Proxy(Object) > > 
  at <RouterView> 
  at <App> @ http://localhost:5176/node_modules/.vite/deps/chunk-UUYRPS3P.js?v=fd0dfa0c:2405
[   71704ms] [WARNING] [Vue warn]: Failed to resolve component: CardFooter
If this is a native custom element, make sure to exclude it from component resolution via compilerOptions.isCustomElement. 
  at <Login onVnodeUnmounted=fn<onVnodeUnmounted> ref=Ref< Proxy(Object) > > 
  at <RouterView> 
  at <App> @ http://localhost:5176/node_modules/.vite/deps/chunk-UUYRPS3P.js?v=fd0dfa0c:2405
[   71704ms] [WARNING] [Vue warn]: Failed to resolve component: Card
If this is a native custom element, make sure to exclude it from component resolution via compilerOptions.isCustomElement. 
  at <Login onVnodeUnmounted=fn<onVnodeUnmounted> ref=Ref< Proxy(Object) > > 
  at <RouterView> 
  at <App> @ http://localhost:5176/node_modules/.vite/deps/chunk-UUYRPS3P.js?v=fd0dfa0c:2405
[   71704ms] [WARNING] [Vue warn]: Failed to resolve component: AuthLayout
If this is a native custom element, make sure to exclude it from component resolution via compilerOptions.isCustomElement. 
  at <Login onVnodeUnmounted=fn<onVnodeUnmounted> ref=Ref< Proxy(Object) > > 
  at <RouterView> 
  at <App> @ http://localhost:5176/node_modules/.vite/deps/chunk-UUYRPS3P.js?v=fd0dfa0c:2405
